  GameLevel.cpp
C:\Users\tiago\Desktop\Classes\3Y_1S\Advanced Programming Topics\SoulEngine\Soul_Engine\Soul\src\GameObject.h(75,31): error C2065: 'Component': undeclared identifier
C:\Users\tiago\Desktop\Classes\3Y_1S\Advanced Programming Topics\SoulEngine\Soul_Engine\Soul\src\GameObject.h(75,20): error C2923: 'std::unique_ptr': 'Component' is not a valid template type argument for parameter '_Ty'
C:\Users\tiago\Desktop\Classes\3Y_1S\Advanced Programming Topics\SoulEngine\Soul_Engine\Soul\src\GameObject.h(75,31): message : see declaration of 'Component'
C:\Users\tiago\Desktop\Classes\3Y_1S\Advanced Programming Topics\SoulEngine\Soul_Engine\Soul\src\GameObject.h(75,20): error C2976: 'std::unique_ptr': too few template arguments
C:\Program Files\Microsoft Visual Studio\2022\Community\VC\Tools\MSVC\14.37.32822\include\memory(3213,1): message : see declaration of 'std::unique_ptr'
C:\Users\tiago\Desktop\Classes\3Y_1S\Advanced Programming Topics\SoulEngine\Soul_Engine\Soul\src\GameObject.h(75,20): error C3203: 'unique_ptr': unspecialized class template can't be used as a template argument for template parameter '_Ty', expected a real type
C:\Users\tiago\Desktop\Classes\3Y_1S\Advanced Programming Topics\SoulEngine\Soul_Engine\Soul\src\GameObject.h(77,18): error C3646: 'componentArray': unknown override specifier
C:\Users\tiago\Desktop\Classes\3Y_1S\Advanced Programming Topics\SoulEngine\Soul_Engine\Soul\src\GameObject.h(77,32): error C4430: missing type specifier - int assumed. Note: C++ does not support default-int
C:\Users\tiago\Desktop\Classes\3Y_1S\Advanced Programming Topics\SoulEngine\Soul_Engine\Soul\src\GameObject.h(78,19): error C3646: 'componentBitset': unknown override specifier
C:\Users\tiago\Desktop\Classes\3Y_1S\Advanced Programming Topics\SoulEngine\Soul_Engine\Soul\src\GameObject.h(78,34): error C4430: missing type specifier - int assumed. Note: C++ does not support default-int
C:\Users\tiago\Desktop\Classes\3Y_1S\Advanced Programming Topics\SoulEngine\Soul_Engine\Soul\src\GameObject.h(45,11): error C2065: 'componentBitset': undeclared identifier
C:\Users\tiago\Desktop\Classes\3Y_1S\Advanced Programming Topics\SoulEngine\Soul_Engine\Soul\src\GameObject.h(43,8): message : This diagnostic occurred in the compiler generated function 'bool Soul::GameObject::HasComponent(void) const'
C:\Users\tiago\Desktop\Classes\3Y_1S\Advanced Programming Topics\SoulEngine\Soul_Engine\Soul\src\GameObject.h(45,27): error C2065: 'GetComponentTypeID': undeclared identifier
C:\Users\tiago\Desktop\Classes\3Y_1S\Advanced Programming Topics\SoulEngine\Soul_Engine\Soul\src\GameObject.h(43,8): message : This diagnostic occurred in the compiler generated function 'bool Soul::GameObject::HasComponent(void) const'
C:\Users\tiago\Desktop\Classes\3Y_1S\Advanced Programming Topics\SoulEngine\Soul_Engine\Soul\src\GameObject.h(45,49): error C2760: syntax error: ')' was unexpected here; expected 'expression'
C:\Users\tiago\Desktop\Classes\3Y_1S\Advanced Programming Topics\SoulEngine\Soul_Engine\Soul\src\GameObject.h(43,8): message : This diagnostic occurred in the compiler generated function 'bool Soul::GameObject::HasComponent(void) const'
C:\Users\tiago\Desktop\Classes\3Y_1S\Advanced Programming Topics\SoulEngine\Soul_Engine\Soul\src\GameObject.h(45,50): error C2760: syntax error: ']' was unexpected here; expected ';'
C:\Users\tiago\Desktop\Classes\3Y_1S\Advanced Programming Topics\SoulEngine\Soul_Engine\Soul\src\GameObject.h(43,8): message : This diagnostic occurred in the compiler generated function 'bool Soul::GameObject::HasComponent(void) const'
C:\Users\tiago\Desktop\Classes\3Y_1S\Advanced Programming Topics\SoulEngine\Soul_Engine\Soul\src\GameObject.h(45,50): error C3878: syntax error: unexpected token ']' following 'jump_statement'
C:\Users\tiago\Desktop\Classes\3Y_1S\Advanced Programming Topics\SoulEngine\Soul_Engine\Soul\src\GameObject.h(43,8): message : This diagnostic occurred in the compiler generated function 'bool Soul::GameObject::HasComponent(void) const'
C:\Users\tiago\Desktop\Classes\3Y_1S\Advanced Programming Topics\SoulEngine\Soul_Engine\Soul\src\GameObject.h(45,50): message : error recovery skipped: ']'
C:\Users\tiago\Desktop\Classes\3Y_1S\Advanced Programming Topics\SoulEngine\Soul_Engine\Soul\src\GameObject.h(43,8): message : This diagnostic occurred in the compiler generated function 'bool Soul::GameObject::HasComponent(void) const'
C:\Users\tiago\Desktop\Classes\3Y_1S\Advanced Programming Topics\SoulEngine\Soul_Engine\Soul\src\GameObject.h(53,20): error C2065: 'Component': undeclared identifier
C:\Users\tiago\Desktop\Classes\3Y_1S\Advanced Programming Topics\SoulEngine\Soul_Engine\Soul\src\GameObject.h(49,6): message : This diagnostic occurred in the compiler generated function 'T &Soul::GameObject::AddComponent(TArgs &&...)'
C:\Users\tiago\Desktop\Classes\3Y_1S\Advanced Programming Topics\SoulEngine\Soul_Engine\Soul\src\GameObject.h(56,4): error C2065: 'componentArray': undeclared identifier
C:\Users\tiago\Desktop\Classes\3Y_1S\Advanced Programming Topics\SoulEngine\Soul_Engine\Soul\src\GameObject.h(49,6): message : This diagnostic occurred in the compiler generated function 'T &Soul::GameObject::AddComponent(TArgs &&...)'
C:\Users\tiago\Desktop\Classes\3Y_1S\Advanced Programming Topics\SoulEngine\Soul_Engine\Soul\src\GameObject.h(56,19): error C2065: 'GetComponentTypeID': undeclared identifier
C:\Users\tiago\Desktop\Classes\3Y_1S\Advanced Programming Topics\SoulEngine\Soul_Engine\Soul\src\GameObject.h(49,6): message : This diagnostic occurred in the compiler generated function 'T &Soul::GameObject::AddComponent(TArgs &&...)'
C:\Users\tiago\Desktop\Classes\3Y_1S\Advanced Programming Topics\SoulEngine\Soul_Engine\Soul\src\GameObject.h(56,41): error C2760: syntax error: ')' was unexpected here; expected 'expression'
C:\Users\tiago\Desktop\Classes\3Y_1S\Advanced Programming Topics\SoulEngine\Soul_Engine\Soul\src\GameObject.h(49,6): message : This diagnostic occurred in the compiler generated function 'T &Soul::GameObject::AddComponent(TArgs &&...)'
C:\Users\tiago\Desktop\Classes\3Y_1S\Advanced Programming Topics\SoulEngine\Soul_Engine\Soul\src\GameObject.h(56,42): error C2760: syntax error: ']' was unexpected here; expected ';'
C:\Users\tiago\Desktop\Classes\3Y_1S\Advanced Programming Topics\SoulEngine\Soul_Engine\Soul\src\GameObject.h(49,6): message : This diagnostic occurred in the compiler generated function 'T &Soul::GameObject::AddComponent(TArgs &&...)'
C:\Users\tiago\Desktop\Classes\3Y_1S\Advanced Programming Topics\SoulEngine\Soul_Engine\Soul\src\GameObject.h(56,42): error C3878: syntax error: unexpected token ']' following 'expression_statement'
C:\Users\tiago\Desktop\Classes\3Y_1S\Advanced Programming Topics\SoulEngine\Soul_Engine\Soul\src\GameObject.h(49,6): message : This diagnostic occurred in the compiler generated function 'T &Soul::GameObject::AddComponent(TArgs &&...)'
C:\Users\tiago\Desktop\Classes\3Y_1S\Advanced Programming Topics\SoulEngine\Soul_Engine\Soul\src\GameObject.h(56,42): message : error recovery skipped: '] ='
C:\Users\tiago\Desktop\Classes\3Y_1S\Advanced Programming Topics\SoulEngine\Soul_Engine\Soul\src\GameObject.h(49,6): message : This diagnostic occurred in the compiler generated function 'T &Soul::GameObject::AddComponent(TArgs &&...)'
C:\Users\tiago\Desktop\Classes\3Y_1S\Advanced Programming Topics\SoulEngine\Soul_Engine\Soul\src\GameObject.h(57,4): error C2065: 'componentBitset': undeclared identifier
C:\Users\tiago\Desktop\Classes\3Y_1S\Advanced Programming Topics\SoulEngine\Soul_Engine\Soul\src\GameObject.h(49,6): message : This diagnostic occurred in the compiler generated function 'T &Soul::GameObject::AddComponent(TArgs &&...)'
C:\Users\tiago\Desktop\Classes\3Y_1S\Advanced Programming Topics\SoulEngine\Soul_Engine\Soul\src\GameObject.h(57,20): error C2065: 'GetComponentTypeID': undeclared identifier
C:\Users\tiago\Desktop\Classes\3Y_1S\Advanced Programming Topics\SoulEngine\Soul_Engine\Soul\src\GameObject.h(49,6): message : This diagnostic occurred in the compiler generated function 'T &Soul::GameObject::AddComponent(TArgs &&...)'
C:\Users\tiago\Desktop\Classes\3Y_1S\Advanced Programming Topics\SoulEngine\Soul_Engine\Soul\src\GameObject.h(57,42): error C2760: syntax error: ')' was unexpected here; expected 'expression'
C:\Users\tiago\Desktop\Classes\3Y_1S\Advanced Programming Topics\SoulEngine\Soul_Engine\Soul\src\GameObject.h(49,6): message : This diagnostic occurred in the compiler generated function 'T &Soul::GameObject::AddComponent(TArgs &&...)'
C:\Users\tiago\Desktop\Classes\3Y_1S\Advanced Programming Topics\SoulEngine\Soul_Engine\Soul\src\GameObject.h(57,43): error C2760: syntax error: ']' was unexpected here; expected ';'
C:\Users\tiago\Desktop\Classes\3Y_1S\Advanced Programming Topics\SoulEngine\Soul_Engine\Soul\src\GameObject.h(49,6): message : This diagnostic occurred in the compiler generated function 'T &Soul::GameObject::AddComponent(TArgs &&...)'
C:\Users\tiago\Desktop\Classes\3Y_1S\Advanced Programming Topics\SoulEngine\Soul_Engine\Soul\src\GameObject.h(57,43): error C3878: syntax error: unexpected token ']' following 'expression_statement'
C:\Users\tiago\Desktop\Classes\3Y_1S\Advanced Programming Topics\SoulEngine\Soul_Engine\Soul\src\GameObject.h(49,6): message : This diagnostic occurred in the compiler generated function 'T &Soul::GameObject::AddComponent(TArgs &&...)'
C:\Users\tiago\Desktop\Classes\3Y_1S\Advanced Programming Topics\SoulEngine\Soul_Engine\Soul\src\GameObject.h(57,43): message : error recovery skipped: '] ='
C:\Users\tiago\Desktop\Classes\3Y_1S\Advanced Programming Topics\SoulEngine\Soul_Engine\Soul\src\GameObject.h(49,6): message : This diagnostic occurred in the compiler generated function 'T &Soul::GameObject::AddComponent(TArgs &&...)'
C:\Users\tiago\Desktop\Classes\3Y_1S\Advanced Programming Topics\SoulEngine\Soul_Engine\Soul\src\GameObject.h(66,13): error C2065: 'componentArray': undeclared identifier
C:\Users\tiago\Desktop\Classes\3Y_1S\Advanced Programming Topics\SoulEngine\Soul_Engine\Soul\src\GameObject.h(64,6): message : This diagnostic occurred in the compiler generated function 'T &Soul::GameObject::GetComponent(void) const'
C:\Users\tiago\Desktop\Classes\3Y_1S\Advanced Programming Topics\SoulEngine\Soul_Engine\Soul\src\GameObject.h(66,28): error C2065: 'GetComponentTypeID': undeclared identifier
C:\Users\tiago\Desktop\Classes\3Y_1S\Advanced Programming Topics\SoulEngine\Soul_Engine\Soul\src\GameObject.h(64,6): message : This diagnostic occurred in the compiler generated function 'T &Soul::GameObject::GetComponent(void) const'
C:\Users\tiago\Desktop\Classes\3Y_1S\Advanced Programming Topics\SoulEngine\Soul_Engine\Soul\src\GameObject.h(66,50): error C2760: syntax error: ')' was unexpected here; expected 'expression'
C:\Users\tiago\Desktop\Classes\3Y_1S\Advanced Programming Topics\SoulEngine\Soul_Engine\Soul\src\GameObject.h(64,6): message : This diagnostic occurred in the compiler generated function 'T &Soul::GameObject::GetComponent(void) const'
C:\Users\tiago\Desktop\Classes\3Y_1S\Advanced Programming Topics\SoulEngine\Soul_Engine\Soul\src\GameObject.h(66,51): error C3878: syntax error: unexpected token ']' following 'simple_declaration'
C:\Users\tiago\Desktop\Classes\3Y_1S\Advanced Programming Topics\SoulEngine\Soul_Engine\Soul\src\GameObject.h(64,6): message : This diagnostic occurred in the compiler generated function 'T &Soul::GameObject::GetComponent(void) const'
C:\Users\tiago\Desktop\Classes\3Y_1S\Advanced Programming Topics\SoulEngine\Soul_Engine\Soul\src\GameObject.h(66,51): message : error recovery skipped: '] )'
C:\Users\tiago\Desktop\Classes\3Y_1S\Advanced Programming Topics\SoulEngine\Soul_Engine\Soul\src\GameObject.h(64,6): message : This diagnostic occurred in the compiler generated function 'T &Soul::GameObject::GetComponent(void) const'
  GameObject.cpp
C:\Users\tiago\Desktop\Classes\3Y_1S\Advanced Programming Topics\SoulEngine\Soul_Engine\Soul\src\GameObject.h(75,31): error C2065: 'Component': undeclared identifier
C:\Users\tiago\Desktop\Classes\3Y_1S\Advanced Programming Topics\SoulEngine\Soul_Engine\Soul\src\GameObject.h(75,20): error C2923: 'std::unique_ptr': 'Component' is not a valid template type argument for parameter '_Ty'
C:\Users\tiago\Desktop\Classes\3Y_1S\Advanced Programming Topics\SoulEngine\Soul_Engine\Soul\src\GameObject.h(75,31): message : see declaration of 'Component'
C:\Users\tiago\Desktop\Classes\3Y_1S\Advanced Programming Topics\SoulEngine\Soul_Engine\Soul\src\GameObject.h(75,20): error C2976: 'std::unique_ptr': too few template arguments
C:\Program Files\Microsoft Visual Studio\2022\Community\VC\Tools\MSVC\14.37.32822\include\memory(3213,1): message : see declaration of 'std::unique_ptr'
C:\Users\tiago\Desktop\Classes\3Y_1S\Advanced Programming Topics\SoulEngine\Soul_Engine\Soul\src\GameObject.h(75,20): error C3203: 'unique_ptr': unspecialized class template can't be used as a template argument for template parameter '_Ty', expected a real type
C:\Users\tiago\Desktop\Classes\3Y_1S\Advanced Programming Topics\SoulEngine\Soul_Engine\Soul\src\GameObject.h(77,18): error C3646: 'componentArray': unknown override specifier
C:\Users\tiago\Desktop\Classes\3Y_1S\Advanced Programming Topics\SoulEngine\Soul_Engine\Soul\src\GameObject.h(77,32): error C4430: missing type specifier - int assumed. Note: C++ does not support default-int
C:\Users\tiago\Desktop\Classes\3Y_1S\Advanced Programming Topics\SoulEngine\Soul_Engine\Soul\src\GameObject.h(78,19): error C3646: 'componentBitset': unknown override specifier
C:\Users\tiago\Desktop\Classes\3Y_1S\Advanced Programming Topics\SoulEngine\Soul_Engine\Soul\src\GameObject.h(78,34): error C4430: missing type specifier - int assumed. Note: C++ does not support default-int
C:\Users\tiago\Desktop\Classes\3Y_1S\Advanced Programming Topics\SoulEngine\Soul_Engine\Soul\src\GameObject.h(45,11): error C2065: 'componentBitset': undeclared identifier
C:\Users\tiago\Desktop\Classes\3Y_1S\Advanced Programming Topics\SoulEngine\Soul_Engine\Soul\src\GameObject.h(43,8): message : This diagnostic occurred in the compiler generated function 'bool Soul::GameObject::HasComponent(void) const'
C:\Users\tiago\Desktop\Classes\3Y_1S\Advanced Programming Topics\SoulEngine\Soul_Engine\Soul\src\GameObject.h(45,27): error C2065: 'GetComponentTypeID': undeclared identifier
C:\Users\tiago\Desktop\Classes\3Y_1S\Advanced Programming Topics\SoulEngine\Soul_Engine\Soul\src\GameObject.h(43,8): message : This diagnostic occurred in the compiler generated function 'bool Soul::GameObject::HasComponent(void) const'
C:\Users\tiago\Desktop\Classes\3Y_1S\Advanced Programming Topics\SoulEngine\Soul_Engine\Soul\src\GameObject.h(45,49): error C2760: syntax error: ')' was unexpected here; expected 'expression'
C:\Users\tiago\Desktop\Classes\3Y_1S\Advanced Programming Topics\SoulEngine\Soul_Engine\Soul\src\GameObject.h(43,8): message : This diagnostic occurred in the compiler generated function 'bool Soul::GameObject::HasComponent(void) const'
C:\Users\tiago\Desktop\Classes\3Y_1S\Advanced Programming Topics\SoulEngine\Soul_Engine\Soul\src\GameObject.h(45,50): error C2760: syntax error: ']' was unexpected here; expected ';'
C:\Users\tiago\Desktop\Classes\3Y_1S\Advanced Programming Topics\SoulEngine\Soul_Engine\Soul\src\GameObject.h(43,8): message : This diagnostic occurred in the compiler generated function 'bool Soul::GameObject::HasComponent(void) const'
C:\Users\tiago\Desktop\Classes\3Y_1S\Advanced Programming Topics\SoulEngine\Soul_Engine\Soul\src\GameObject.h(45,50): error C3878: syntax error: unexpected token ']' following 'jump_statement'
C:\Users\tiago\Desktop\Classes\3Y_1S\Advanced Programming Topics\SoulEngine\Soul_Engine\Soul\src\GameObject.h(43,8): message : This diagnostic occurred in the compiler generated function 'bool Soul::GameObject::HasComponent(void) const'
C:\Users\tiago\Desktop\Classes\3Y_1S\Advanced Programming Topics\SoulEngine\Soul_Engine\Soul\src\GameObject.h(45,50): message : error recovery skipped: ']'
C:\Users\tiago\Desktop\Classes\3Y_1S\Advanced Programming Topics\SoulEngine\Soul_Engine\Soul\src\GameObject.h(43,8): message : This diagnostic occurred in the compiler generated function 'bool Soul::GameObject::HasComponent(void) const'
C:\Users\tiago\Desktop\Classes\3Y_1S\Advanced Programming Topics\SoulEngine\Soul_Engine\Soul\src\GameObject.h(53,20): error C2065: 'Component': undeclared identifier
C:\Users\tiago\Desktop\Classes\3Y_1S\Advanced Programming Topics\SoulEngine\Soul_Engine\Soul\src\GameObject.h(49,6): message : This diagnostic occurred in the compiler generated function 'T &Soul::GameObject::AddComponent(TArgs &&...)'
C:\Users\tiago\Desktop\Classes\3Y_1S\Advanced Programming Topics\SoulEngine\Soul_Engine\Soul\src\GameObject.h(56,4): error C2065: 'componentArray': undeclared identifier
C:\Users\tiago\Desktop\Classes\3Y_1S\Advanced Programming Topics\SoulEngine\Soul_Engine\Soul\src\GameObject.h(49,6): message : This diagnostic occurred in the compiler generated function 'T &Soul::GameObject::AddComponent(TArgs &&...)'
C:\Users\tiago\Desktop\Classes\3Y_1S\Advanced Programming Topics\SoulEngine\Soul_Engine\Soul\src\GameObject.h(56,19): error C2065: 'GetComponentTypeID': undeclared identifier
C:\Users\tiago\Desktop\Classes\3Y_1S\Advanced Programming Topics\SoulEngine\Soul_Engine\Soul\src\GameObject.h(49,6): message : This diagnostic occurred in the compiler generated function 'T &Soul::GameObject::AddComponent(TArgs &&...)'
C:\Users\tiago\Desktop\Classes\3Y_1S\Advanced Programming Topics\SoulEngine\Soul_Engine\Soul\src\GameObject.h(56,41): error C2760: syntax error: ')' was unexpected here; expected 'expression'
C:\Users\tiago\Desktop\Classes\3Y_1S\Advanced Programming Topics\SoulEngine\Soul_Engine\Soul\src\GameObject.h(49,6): message : This diagnostic occurred in the compiler generated function 'T &Soul::GameObject::AddComponent(TArgs &&...)'
C:\Users\tiago\Desktop\Classes\3Y_1S\Advanced Programming Topics\SoulEngine\Soul_Engine\Soul\src\GameObject.h(56,42): error C2760: syntax error: ']' was unexpected here; expected ';'
C:\Users\tiago\Desktop\Classes\3Y_1S\Advanced Programming Topics\SoulEngine\Soul_Engine\Soul\src\GameObject.h(49,6): message : This diagnostic occurred in the compiler generated function 'T &Soul::GameObject::AddComponent(TArgs &&...)'
C:\Users\tiago\Desktop\Classes\3Y_1S\Advanced Programming Topics\SoulEngine\Soul_Engine\Soul\src\GameObject.h(56,42): error C3878: syntax error: unexpected token ']' following 'expression_statement'
C:\Users\tiago\Desktop\Classes\3Y_1S\Advanced Programming Topics\SoulEngine\Soul_Engine\Soul\src\GameObject.h(49,6): message : This diagnostic occurred in the compiler generated function 'T &Soul::GameObject::AddComponent(TArgs &&...)'
C:\Users\tiago\Desktop\Classes\3Y_1S\Advanced Programming Topics\SoulEngine\Soul_Engine\Soul\src\GameObject.h(56,42): message : error recovery skipped: '] ='
C:\Users\tiago\Desktop\Classes\3Y_1S\Advanced Programming Topics\SoulEngine\Soul_Engine\Soul\src\GameObject.h(49,6): message : This diagnostic occurred in the compiler generated function 'T &Soul::GameObject::AddComponent(TArgs &&...)'
C:\Users\tiago\Desktop\Classes\3Y_1S\Advanced Programming Topics\SoulEngine\Soul_Engine\Soul\src\GameObject.h(57,4): error C2065: 'componentBitset': undeclared identifier
C:\Users\tiago\Desktop\Classes\3Y_1S\Advanced Programming Topics\SoulEngine\Soul_Engine\Soul\src\GameObject.h(49,6): message : This diagnostic occurred in the compiler generated function 'T &Soul::GameObject::AddComponent(TArgs &&...)'
C:\Users\tiago\Desktop\Classes\3Y_1S\Advanced Programming Topics\SoulEngine\Soul_Engine\Soul\src\GameObject.h(57,20): error C2065: 'GetComponentTypeID': undeclared identifier
C:\Users\tiago\Desktop\Classes\3Y_1S\Advanced Programming Topics\SoulEngine\Soul_Engine\Soul\src\GameObject.h(49,6): message : This diagnostic occurred in the compiler generated function 'T &Soul::GameObject::AddComponent(TArgs &&...)'
C:\Users\tiago\Desktop\Classes\3Y_1S\Advanced Programming Topics\SoulEngine\Soul_Engine\Soul\src\GameObject.h(57,42): error C2760: syntax error: ')' was unexpected here; expected 'expression'
C:\Users\tiago\Desktop\Classes\3Y_1S\Advanced Programming Topics\SoulEngine\Soul_Engine\Soul\src\GameObject.h(49,6): message : This diagnostic occurred in the compiler generated function 'T &Soul::GameObject::AddComponent(TArgs &&...)'
C:\Users\tiago\Desktop\Classes\3Y_1S\Advanced Programming Topics\SoulEngine\Soul_Engine\Soul\src\GameObject.h(57,43): error C2760: syntax error: ']' was unexpected here; expected ';'
C:\Users\tiago\Desktop\Classes\3Y_1S\Advanced Programming Topics\SoulEngine\Soul_Engine\Soul\src\GameObject.h(49,6): message : This diagnostic occurred in the compiler generated function 'T &Soul::GameObject::AddComponent(TArgs &&...)'
C:\Users\tiago\Desktop\Classes\3Y_1S\Advanced Programming Topics\SoulEngine\Soul_Engine\Soul\src\GameObject.h(57,43): error C3878: syntax error: unexpected token ']' following 'expression_statement'
C:\Users\tiago\Desktop\Classes\3Y_1S\Advanced Programming Topics\SoulEngine\Soul_Engine\Soul\src\GameObject.h(49,6): message : This diagnostic occurred in the compiler generated function 'T &Soul::GameObject::AddComponent(TArgs &&...)'
C:\Users\tiago\Desktop\Classes\3Y_1S\Advanced Programming Topics\SoulEngine\Soul_Engine\Soul\src\GameObject.h(57,43): message : error recovery skipped: '] ='
C:\Users\tiago\Desktop\Classes\3Y_1S\Advanced Programming Topics\SoulEngine\Soul_Engine\Soul\src\GameObject.h(49,6): message : This diagnostic occurred in the compiler generated function 'T &Soul::GameObject::AddComponent(TArgs &&...)'
C:\Users\tiago\Desktop\Classes\3Y_1S\Advanced Programming Topics\SoulEngine\Soul_Engine\Soul\src\GameObject.h(66,13): error C2065: 'componentArray': undeclared identifier
C:\Users\tiago\Desktop\Classes\3Y_1S\Advanced Programming Topics\SoulEngine\Soul_Engine\Soul\src\GameObject.h(64,6): message : This diagnostic occurred in the compiler generated function 'T &Soul::GameObject::GetComponent(void) const'
C:\Users\tiago\Desktop\Classes\3Y_1S\Advanced Programming Topics\SoulEngine\Soul_Engine\Soul\src\GameObject.h(66,28): error C2065: 'GetComponentTypeID': undeclared identifier
C:\Users\tiago\Desktop\Classes\3Y_1S\Advanced Programming Topics\SoulEngine\Soul_Engine\Soul\src\GameObject.h(64,6): message : This diagnostic occurred in the compiler generated function 'T &Soul::GameObject::GetComponent(void) const'
C:\Users\tiago\Desktop\Classes\3Y_1S\Advanced Programming Topics\SoulEngine\Soul_Engine\Soul\src\GameObject.h(66,50): error C2760: syntax error: ')' was unexpected here; expected 'expression'
C:\Users\tiago\Desktop\Classes\3Y_1S\Advanced Programming Topics\SoulEngine\Soul_Engine\Soul\src\GameObject.h(64,6): message : This diagnostic occurred in the compiler generated function 'T &Soul::GameObject::GetComponent(void) const'
C:\Users\tiago\Desktop\Classes\3Y_1S\Advanced Programming Topics\SoulEngine\Soul_Engine\Soul\src\GameObject.h(66,51): error C3878: syntax error: unexpected token ']' following 'simple_declaration'
C:\Users\tiago\Desktop\Classes\3Y_1S\Advanced Programming Topics\SoulEngine\Soul_Engine\Soul\src\GameObject.h(64,6): message : This diagnostic occurred in the compiler generated function 'T &Soul::GameObject::GetComponent(void) const'
C:\Users\tiago\Desktop\Classes\3Y_1S\Advanced Programming Topics\SoulEngine\Soul_Engine\Soul\src\GameObject.h(66,51): message : error recovery skipped: '] )'
C:\Users\tiago\Desktop\Classes\3Y_1S\Advanced Programming Topics\SoulEngine\Soul_Engine\Soul\src\GameObject.h(64,6): message : This diagnostic occurred in the compiler generated function 'T &Soul::GameObject::GetComponent(void) const'
  Renderer.cpp
C:\Users\tiago\Desktop\Classes\3Y_1S\Advanced Programming Topics\SoulEngine\Soul_Engine\Soul\src\GameObject.h(75,31): error C2065: 'Component': undeclared identifier
C:\Users\tiago\Desktop\Classes\3Y_1S\Advanced Programming Topics\SoulEngine\Soul_Engine\Soul\src\GameObject.h(75,20): error C2923: 'std::unique_ptr': 'Component' is not a valid template type argument for parameter '_Ty'
C:\Users\tiago\Desktop\Classes\3Y_1S\Advanced Programming Topics\SoulEngine\Soul_Engine\Soul\src\GameObject.h(75,31): message : see declaration of 'Component'
C:\Users\tiago\Desktop\Classes\3Y_1S\Advanced Programming Topics\SoulEngine\Soul_Engine\Soul\src\GameObject.h(75,20): error C2976: 'std::unique_ptr': too few template arguments
C:\Program Files\Microsoft Visual Studio\2022\Community\VC\Tools\MSVC\14.37.32822\include\memory(3213,1): message : see declaration of 'std::unique_ptr'
C:\Users\tiago\Desktop\Classes\3Y_1S\Advanced Programming Topics\SoulEngine\Soul_Engine\Soul\src\GameObject.h(75,20): error C3203: 'unique_ptr': unspecialized class template can't be used as a template argument for template parameter '_Ty', expected a real type
C:\Users\tiago\Desktop\Classes\3Y_1S\Advanced Programming Topics\SoulEngine\Soul_Engine\Soul\src\GameObject.h(77,18): error C3646: 'componentArray': unknown override specifier
C:\Users\tiago\Desktop\Classes\3Y_1S\Advanced Programming Topics\SoulEngine\Soul_Engine\Soul\src\GameObject.h(77,32): error C4430: missing type specifier - int assumed. Note: C++ does not support default-int
C:\Users\tiago\Desktop\Classes\3Y_1S\Advanced Programming Topics\SoulEngine\Soul_Engine\Soul\src\GameObject.h(78,19): error C3646: 'componentBitset': unknown override specifier
C:\Users\tiago\Desktop\Classes\3Y_1S\Advanced Programming Topics\SoulEngine\Soul_Engine\Soul\src\GameObject.h(78,34): error C4430: missing type specifier - int assumed. Note: C++ does not support default-int
C:\Users\tiago\Desktop\Classes\3Y_1S\Advanced Programming Topics\SoulEngine\Soul_Engine\Soul\src\GameObject.h(45,11): error C2065: 'componentBitset': undeclared identifier
C:\Users\tiago\Desktop\Classes\3Y_1S\Advanced Programming Topics\SoulEngine\Soul_Engine\Soul\src\GameObject.h(43,8): message : This diagnostic occurred in the compiler generated function 'bool Soul::GameObject::HasComponent(void) const'
C:\Users\tiago\Desktop\Classes\3Y_1S\Advanced Programming Topics\SoulEngine\Soul_Engine\Soul\src\GameObject.h(45,27): error C2065: 'GetComponentTypeID': undeclared identifier
C:\Users\tiago\Desktop\Classes\3Y_1S\Advanced Programming Topics\SoulEngine\Soul_Engine\Soul\src\GameObject.h(43,8): message : This diagnostic occurred in the compiler generated function 'bool Soul::GameObject::HasComponent(void) const'
C:\Users\tiago\Desktop\Classes\3Y_1S\Advanced Programming Topics\SoulEngine\Soul_Engine\Soul\src\GameObject.h(45,49): error C2760: syntax error: ')' was unexpected here; expected 'expression'
C:\Users\tiago\Desktop\Classes\3Y_1S\Advanced Programming Topics\SoulEngine\Soul_Engine\Soul\src\GameObject.h(43,8): message : This diagnostic occurred in the compiler generated function 'bool Soul::GameObject::HasComponent(void) const'
C:\Users\tiago\Desktop\Classes\3Y_1S\Advanced Programming Topics\SoulEngine\Soul_Engine\Soul\src\GameObject.h(45,50): error C2760: syntax error: ']' was unexpected here; expected ';'
C:\Users\tiago\Desktop\Classes\3Y_1S\Advanced Programming Topics\SoulEngine\Soul_Engine\Soul\src\GameObject.h(43,8): message : This diagnostic occurred in the compiler generated function 'bool Soul::GameObject::HasComponent(void) const'
C:\Users\tiago\Desktop\Classes\3Y_1S\Advanced Programming Topics\SoulEngine\Soul_Engine\Soul\src\GameObject.h(45,50): error C3878: syntax error: unexpected token ']' following 'jump_statement'
C:\Users\tiago\Desktop\Classes\3Y_1S\Advanced Programming Topics\SoulEngine\Soul_Engine\Soul\src\GameObject.h(43,8): message : This diagnostic occurred in the compiler generated function 'bool Soul::GameObject::HasComponent(void) const'
C:\Users\tiago\Desktop\Classes\3Y_1S\Advanced Programming Topics\SoulEngine\Soul_Engine\Soul\src\GameObject.h(45,50): message : error recovery skipped: ']'
C:\Users\tiago\Desktop\Classes\3Y_1S\Advanced Programming Topics\SoulEngine\Soul_Engine\Soul\src\GameObject.h(43,8): message : This diagnostic occurred in the compiler generated function 'bool Soul::GameObject::HasComponent(void) const'
C:\Users\tiago\Desktop\Classes\3Y_1S\Advanced Programming Topics\SoulEngine\Soul_Engine\Soul\src\GameObject.h(53,20): error C2065: 'Component': undeclared identifier
C:\Users\tiago\Desktop\Classes\3Y_1S\Advanced Programming Topics\SoulEngine\Soul_Engine\Soul\src\GameObject.h(49,6): message : This diagnostic occurred in the compiler generated function 'T &Soul::GameObject::AddComponent(TArgs &&...)'
C:\Users\tiago\Desktop\Classes\3Y_1S\Advanced Programming Topics\SoulEngine\Soul_Engine\Soul\src\GameObject.h(56,4): error C2065: 'componentArray': undeclared identifier
C:\Users\tiago\Desktop\Classes\3Y_1S\Advanced Programming Topics\SoulEngine\Soul_Engine\Soul\src\GameObject.h(49,6): message : This diagnostic occurred in the compiler generated function 'T &Soul::GameObject::AddComponent(TArgs &&...)'
C:\Users\tiago\Desktop\Classes\3Y_1S\Advanced Programming Topics\SoulEngine\Soul_Engine\Soul\src\GameObject.h(56,19): error C2065: 'GetComponentTypeID': undeclared identifier
C:\Users\tiago\Desktop\Classes\3Y_1S\Advanced Programming Topics\SoulEngine\Soul_Engine\Soul\src\GameObject.h(49,6): message : This diagnostic occurred in the compiler generated function 'T &Soul::GameObject::AddComponent(TArgs &&...)'
C:\Users\tiago\Desktop\Classes\3Y_1S\Advanced Programming Topics\SoulEngine\Soul_Engine\Soul\src\GameObject.h(56,41): error C2760: syntax error: ')' was unexpected here; expected 'expression'
C:\Users\tiago\Desktop\Classes\3Y_1S\Advanced Programming Topics\SoulEngine\Soul_Engine\Soul\src\GameObject.h(49,6): message : This diagnostic occurred in the compiler generated function 'T &Soul::GameObject::AddComponent(TArgs &&...)'
C:\Users\tiago\Desktop\Classes\3Y_1S\Advanced Programming Topics\SoulEngine\Soul_Engine\Soul\src\GameObject.h(56,42): error C2760: syntax error: ']' was unexpected here; expected ';'
C:\Users\tiago\Desktop\Classes\3Y_1S\Advanced Programming Topics\SoulEngine\Soul_Engine\Soul\src\GameObject.h(49,6): message : This diagnostic occurred in the compiler generated function 'T &Soul::GameObject::AddComponent(TArgs &&...)'
C:\Users\tiago\Desktop\Classes\3Y_1S\Advanced Programming Topics\SoulEngine\Soul_Engine\Soul\src\GameObject.h(56,42): error C3878: syntax error: unexpected token ']' following 'expression_statement'
C:\Users\tiago\Desktop\Classes\3Y_1S\Advanced Programming Topics\SoulEngine\Soul_Engine\Soul\src\GameObject.h(49,6): message : This diagnostic occurred in the compiler generated function 'T &Soul::GameObject::AddComponent(TArgs &&...)'
C:\Users\tiago\Desktop\Classes\3Y_1S\Advanced Programming Topics\SoulEngine\Soul_Engine\Soul\src\GameObject.h(56,42): message : error recovery skipped: '] ='
C:\Users\tiago\Desktop\Classes\3Y_1S\Advanced Programming Topics\SoulEngine\Soul_Engine\Soul\src\GameObject.h(49,6): message : This diagnostic occurred in the compiler generated function 'T &Soul::GameObject::AddComponent(TArgs &&...)'
C:\Users\tiago\Desktop\Classes\3Y_1S\Advanced Programming Topics\SoulEngine\Soul_Engine\Soul\src\GameObject.h(57,4): error C2065: 'componentBitset': undeclared identifier
C:\Users\tiago\Desktop\Classes\3Y_1S\Advanced Programming Topics\SoulEngine\Soul_Engine\Soul\src\GameObject.h(49,6): message : This diagnostic occurred in the compiler generated function 'T &Soul::GameObject::AddComponent(TArgs &&...)'
C:\Users\tiago\Desktop\Classes\3Y_1S\Advanced Programming Topics\SoulEngine\Soul_Engine\Soul\src\GameObject.h(57,20): error C2065: 'GetComponentTypeID': undeclared identifier
C:\Users\tiago\Desktop\Classes\3Y_1S\Advanced Programming Topics\SoulEngine\Soul_Engine\Soul\src\GameObject.h(49,6): message : This diagnostic occurred in the compiler generated function 'T &Soul::GameObject::AddComponent(TArgs &&...)'
C:\Users\tiago\Desktop\Classes\3Y_1S\Advanced Programming Topics\SoulEngine\Soul_Engine\Soul\src\GameObject.h(57,42): error C2760: syntax error: ')' was unexpected here; expected 'expression'
C:\Users\tiago\Desktop\Classes\3Y_1S\Advanced Programming Topics\SoulEngine\Soul_Engine\Soul\src\GameObject.h(49,6): message : This diagnostic occurred in the compiler generated function 'T &Soul::GameObject::AddComponent(TArgs &&...)'
C:\Users\tiago\Desktop\Classes\3Y_1S\Advanced Programming Topics\SoulEngine\Soul_Engine\Soul\src\GameObject.h(57,43): error C2760: syntax error: ']' was unexpected here; expected ';'
C:\Users\tiago\Desktop\Classes\3Y_1S\Advanced Programming Topics\SoulEngine\Soul_Engine\Soul\src\GameObject.h(49,6): message : This diagnostic occurred in the compiler generated function 'T &Soul::GameObject::AddComponent(TArgs &&...)'
C:\Users\tiago\Desktop\Classes\3Y_1S\Advanced Programming Topics\SoulEngine\Soul_Engine\Soul\src\GameObject.h(57,43): error C3878: syntax error: unexpected token ']' following 'expression_statement'
C:\Users\tiago\Desktop\Classes\3Y_1S\Advanced Programming Topics\SoulEngine\Soul_Engine\Soul\src\GameObject.h(49,6): message : This diagnostic occurred in the compiler generated function 'T &Soul::GameObject::AddComponent(TArgs &&...)'
C:\Users\tiago\Desktop\Classes\3Y_1S\Advanced Programming Topics\SoulEngine\Soul_Engine\Soul\src\GameObject.h(57,43): message : error recovery skipped: '] ='
C:\Users\tiago\Desktop\Classes\3Y_1S\Advanced Programming Topics\SoulEngine\Soul_Engine\Soul\src\GameObject.h(49,6): message : This diagnostic occurred in the compiler generated function 'T &Soul::GameObject::AddComponent(TArgs &&...)'
C:\Users\tiago\Desktop\Classes\3Y_1S\Advanced Programming Topics\SoulEngine\Soul_Engine\Soul\src\GameObject.h(66,13): error C2065: 'componentArray': undeclared identifier
C:\Users\tiago\Desktop\Classes\3Y_1S\Advanced Programming Topics\SoulEngine\Soul_Engine\Soul\src\GameObject.h(64,6): message : This diagnostic occurred in the compiler generated function 'T &Soul::GameObject::GetComponent(void) const'
C:\Users\tiago\Desktop\Classes\3Y_1S\Advanced Programming Topics\SoulEngine\Soul_Engine\Soul\src\GameObject.h(66,28): error C2065: 'GetComponentTypeID': undeclared identifier
C:\Users\tiago\Desktop\Classes\3Y_1S\Advanced Programming Topics\SoulEngine\Soul_Engine\Soul\src\GameObject.h(64,6): message : This diagnostic occurred in the compiler generated function 'T &Soul::GameObject::GetComponent(void) const'
C:\Users\tiago\Desktop\Classes\3Y_1S\Advanced Programming Topics\SoulEngine\Soul_Engine\Soul\src\GameObject.h(66,50): error C2760: syntax error: ')' was unexpected here; expected 'expression'
C:\Users\tiago\Desktop\Classes\3Y_1S\Advanced Programming Topics\SoulEngine\Soul_Engine\Soul\src\GameObject.h(64,6): message : This diagnostic occurred in the compiler generated function 'T &Soul::GameObject::GetComponent(void) const'
C:\Users\tiago\Desktop\Classes\3Y_1S\Advanced Programming Topics\SoulEngine\Soul_Engine\Soul\src\GameObject.h(66,51): error C3878: syntax error: unexpected token ']' following 'simple_declaration'
C:\Users\tiago\Desktop\Classes\3Y_1S\Advanced Programming Topics\SoulEngine\Soul_Engine\Soul\src\GameObject.h(64,6): message : This diagnostic occurred in the compiler generated function 'T &Soul::GameObject::GetComponent(void) const'
C:\Users\tiago\Desktop\Classes\3Y_1S\Advanced Programming Topics\SoulEngine\Soul_Engine\Soul\src\GameObject.h(66,51): message : error recovery skipped: '] )'
C:\Users\tiago\Desktop\Classes\3Y_1S\Advanced Programming Topics\SoulEngine\Soul_Engine\Soul\src\GameObject.h(64,6): message : This diagnostic occurred in the compiler generated function 'T &Soul::GameObject::GetComponent(void) const'
  Engine.cpp
C:\Users\tiago\Desktop\Classes\3Y_1S\Advanced Programming Topics\SoulEngine\Soul_Engine\Soul\src\GameObject.h(75,31): error C2065: 'Component': undeclared identifier
C:\Users\tiago\Desktop\Classes\3Y_1S\Advanced Programming Topics\SoulEngine\Soul_Engine\Soul\src\GameObject.h(75,20): error C2923: 'std::unique_ptr': 'Component' is not a valid template type argument for parameter '_Ty'
C:\Users\tiago\Desktop\Classes\3Y_1S\Advanced Programming Topics\SoulEngine\Soul_Engine\Soul\src\GameObject.h(75,31): message : see declaration of 'Component'
C:\Users\tiago\Desktop\Classes\3Y_1S\Advanced Programming Topics\SoulEngine\Soul_Engine\Soul\src\GameObject.h(75,20): error C2976: 'std::unique_ptr': too few template arguments
C:\Program Files\Microsoft Visual Studio\2022\Community\VC\Tools\MSVC\14.37.32822\include\memory(3213,1): message : see declaration of 'std::unique_ptr'
C:\Users\tiago\Desktop\Classes\3Y_1S\Advanced Programming Topics\SoulEngine\Soul_Engine\Soul\src\GameObject.h(75,20): error C3203: 'unique_ptr': unspecialized class template can't be used as a template argument for template parameter '_Ty', expected a real type
C:\Users\tiago\Desktop\Classes\3Y_1S\Advanced Programming Topics\SoulEngine\Soul_Engine\Soul\src\GameObject.h(77,18): error C3646: 'componentArray': unknown override specifier
C:\Users\tiago\Desktop\Classes\3Y_1S\Advanced Programming Topics\SoulEngine\Soul_Engine\Soul\src\GameObject.h(77,32): error C4430: missing type specifier - int assumed. Note: C++ does not support default-int
C:\Users\tiago\Desktop\Classes\3Y_1S\Advanced Programming Topics\SoulEngine\Soul_Engine\Soul\src\GameObject.h(78,19): error C3646: 'componentBitset': unknown override specifier
C:\Users\tiago\Desktop\Classes\3Y_1S\Advanced Programming Topics\SoulEngine\Soul_Engine\Soul\src\GameObject.h(78,34): error C4430: missing type specifier - int assumed. Note: C++ does not support default-int
C:\Users\tiago\Desktop\Classes\3Y_1S\Advanced Programming Topics\SoulEngine\Soul_Engine\Soul\src\GameObject.h(45,11): error C2065: 'componentBitset': undeclared identifier
C:\Users\tiago\Desktop\Classes\3Y_1S\Advanced Programming Topics\SoulEngine\Soul_Engine\Soul\src\GameObject.h(43,8): message : This diagnostic occurred in the compiler generated function 'bool Soul::GameObject::HasComponent(void) const'
C:\Users\tiago\Desktop\Classes\3Y_1S\Advanced Programming Topics\SoulEngine\Soul_Engine\Soul\src\GameObject.h(45,27): error C2065: 'GetComponentTypeID': undeclared identifier
C:\Users\tiago\Desktop\Classes\3Y_1S\Advanced Programming Topics\SoulEngine\Soul_Engine\Soul\src\GameObject.h(43,8): message : This diagnostic occurred in the compiler generated function 'bool Soul::GameObject::HasComponent(void) const'
C:\Users\tiago\Desktop\Classes\3Y_1S\Advanced Programming Topics\SoulEngine\Soul_Engine\Soul\src\GameObject.h(45,49): error C2760: syntax error: ')' was unexpected here; expected 'expression'
C:\Users\tiago\Desktop\Classes\3Y_1S\Advanced Programming Topics\SoulEngine\Soul_Engine\Soul\src\GameObject.h(43,8): message : This diagnostic occurred in the compiler generated function 'bool Soul::GameObject::HasComponent(void) const'
C:\Users\tiago\Desktop\Classes\3Y_1S\Advanced Programming Topics\SoulEngine\Soul_Engine\Soul\src\GameObject.h(45,50): error C2760: syntax error: ']' was unexpected here; expected ';'
C:\Users\tiago\Desktop\Classes\3Y_1S\Advanced Programming Topics\SoulEngine\Soul_Engine\Soul\src\GameObject.h(43,8): message : This diagnostic occurred in the compiler generated function 'bool Soul::GameObject::HasComponent(void) const'
C:\Users\tiago\Desktop\Classes\3Y_1S\Advanced Programming Topics\SoulEngine\Soul_Engine\Soul\src\GameObject.h(45,50): error C3878: syntax error: unexpected token ']' following 'jump_statement'
C:\Users\tiago\Desktop\Classes\3Y_1S\Advanced Programming Topics\SoulEngine\Soul_Engine\Soul\src\GameObject.h(43,8): message : This diagnostic occurred in the compiler generated function 'bool Soul::GameObject::HasComponent(void) const'
C:\Users\tiago\Desktop\Classes\3Y_1S\Advanced Programming Topics\SoulEngine\Soul_Engine\Soul\src\GameObject.h(45,50): message : error recovery skipped: ']'
C:\Users\tiago\Desktop\Classes\3Y_1S\Advanced Programming Topics\SoulEngine\Soul_Engine\Soul\src\GameObject.h(43,8): message : This diagnostic occurred in the compiler generated function 'bool Soul::GameObject::HasComponent(void) const'
C:\Users\tiago\Desktop\Classes\3Y_1S\Advanced Programming Topics\SoulEngine\Soul_Engine\Soul\src\GameObject.h(53,20): error C2065: 'Component': undeclared identifier
C:\Users\tiago\Desktop\Classes\3Y_1S\Advanced Programming Topics\SoulEngine\Soul_Engine\Soul\src\GameObject.h(49,6): message : This diagnostic occurred in the compiler generated function 'T &Soul::GameObject::AddComponent(TArgs &&...)'
C:\Users\tiago\Desktop\Classes\3Y_1S\Advanced Programming Topics\SoulEngine\Soul_Engine\Soul\src\GameObject.h(56,4): error C2065: 'componentArray': undeclared identifier
C:\Users\tiago\Desktop\Classes\3Y_1S\Advanced Programming Topics\SoulEngine\Soul_Engine\Soul\src\GameObject.h(49,6): message : This diagnostic occurred in the compiler generated function 'T &Soul::GameObject::AddComponent(TArgs &&...)'
C:\Users\tiago\Desktop\Classes\3Y_1S\Advanced Programming Topics\SoulEngine\Soul_Engine\Soul\src\GameObject.h(56,19): error C2065: 'GetComponentTypeID': undeclared identifier
C:\Users\tiago\Desktop\Classes\3Y_1S\Advanced Programming Topics\SoulEngine\Soul_Engine\Soul\src\GameObject.h(49,6): message : This diagnostic occurred in the compiler generated function 'T &Soul::GameObject::AddComponent(TArgs &&...)'
C:\Users\tiago\Desktop\Classes\3Y_1S\Advanced Programming Topics\SoulEngine\Soul_Engine\Soul\src\GameObject.h(56,41): error C2760: syntax error: ')' was unexpected here; expected 'expression'
C:\Users\tiago\Desktop\Classes\3Y_1S\Advanced Programming Topics\SoulEngine\Soul_Engine\Soul\src\GameObject.h(49,6): message : This diagnostic occurred in the compiler generated function 'T &Soul::GameObject::AddComponent(TArgs &&...)'
C:\Users\tiago\Desktop\Classes\3Y_1S\Advanced Programming Topics\SoulEngine\Soul_Engine\Soul\src\GameObject.h(56,42): error C2760: syntax error: ']' was unexpected here; expected ';'
C:\Users\tiago\Desktop\Classes\3Y_1S\Advanced Programming Topics\SoulEngine\Soul_Engine\Soul\src\GameObject.h(49,6): message : This diagnostic occurred in the compiler generated function 'T &Soul::GameObject::AddComponent(TArgs &&...)'
C:\Users\tiago\Desktop\Classes\3Y_1S\Advanced Programming Topics\SoulEngine\Soul_Engine\Soul\src\GameObject.h(56,42): error C3878: syntax error: unexpected token ']' following 'expression_statement'
C:\Users\tiago\Desktop\Classes\3Y_1S\Advanced Programming Topics\SoulEngine\Soul_Engine\Soul\src\GameObject.h(49,6): message : This diagnostic occurred in the compiler generated function 'T &Soul::GameObject::AddComponent(TArgs &&...)'
C:\Users\tiago\Desktop\Classes\3Y_1S\Advanced Programming Topics\SoulEngine\Soul_Engine\Soul\src\GameObject.h(56,42): message : error recovery skipped: '] ='
C:\Users\tiago\Desktop\Classes\3Y_1S\Advanced Programming Topics\SoulEngine\Soul_Engine\Soul\src\GameObject.h(49,6): message : This diagnostic occurred in the compiler generated function 'T &Soul::GameObject::AddComponent(TArgs &&...)'
C:\Users\tiago\Desktop\Classes\3Y_1S\Advanced Programming Topics\SoulEngine\Soul_Engine\Soul\src\GameObject.h(57,4): error C2065: 'componentBitset': undeclared identifier
C:\Users\tiago\Desktop\Classes\3Y_1S\Advanced Programming Topics\SoulEngine\Soul_Engine\Soul\src\GameObject.h(49,6): message : This diagnostic occurred in the compiler generated function 'T &Soul::GameObject::AddComponent(TArgs &&...)'
C:\Users\tiago\Desktop\Classes\3Y_1S\Advanced Programming Topics\SoulEngine\Soul_Engine\Soul\src\GameObject.h(57,20): error C2065: 'GetComponentTypeID': undeclared identifier
C:\Users\tiago\Desktop\Classes\3Y_1S\Advanced Programming Topics\SoulEngine\Soul_Engine\Soul\src\GameObject.h(49,6): message : This diagnostic occurred in the compiler generated function 'T &Soul::GameObject::AddComponent(TArgs &&...)'
C:\Users\tiago\Desktop\Classes\3Y_1S\Advanced Programming Topics\SoulEngine\Soul_Engine\Soul\src\GameObject.h(57,42): error C2760: syntax error: ')' was unexpected here; expected 'expression'
C:\Users\tiago\Desktop\Classes\3Y_1S\Advanced Programming Topics\SoulEngine\Soul_Engine\Soul\src\GameObject.h(49,6): message : This diagnostic occurred in the compiler generated function 'T &Soul::GameObject::AddComponent(TArgs &&...)'
C:\Users\tiago\Desktop\Classes\3Y_1S\Advanced Programming Topics\SoulEngine\Soul_Engine\Soul\src\GameObject.h(57,43): error C2760: syntax error: ']' was unexpected here; expected ';'
C:\Users\tiago\Desktop\Classes\3Y_1S\Advanced Programming Topics\SoulEngine\Soul_Engine\Soul\src\GameObject.h(49,6): message : This diagnostic occurred in the compiler generated function 'T &Soul::GameObject::AddComponent(TArgs &&...)'
C:\Users\tiago\Desktop\Classes\3Y_1S\Advanced Programming Topics\SoulEngine\Soul_Engine\Soul\src\GameObject.h(57,43): error C3878: syntax error: unexpected token ']' following 'expression_statement'
C:\Users\tiago\Desktop\Classes\3Y_1S\Advanced Programming Topics\SoulEngine\Soul_Engine\Soul\src\GameObject.h(49,6): message : This diagnostic occurred in the compiler generated function 'T &Soul::GameObject::AddComponent(TArgs &&...)'
C:\Users\tiago\Desktop\Classes\3Y_1S\Advanced Programming Topics\SoulEngine\Soul_Engine\Soul\src\GameObject.h(57,43): message : error recovery skipped: '] ='
C:\Users\tiago\Desktop\Classes\3Y_1S\Advanced Programming Topics\SoulEngine\Soul_Engine\Soul\src\GameObject.h(49,6): message : This diagnostic occurred in the compiler generated function 'T &Soul::GameObject::AddComponent(TArgs &&...)'
C:\Users\tiago\Desktop\Classes\3Y_1S\Advanced Programming Topics\SoulEngine\Soul_Engine\Soul\src\GameObject.h(66,13): error C2065: 'componentArray': undeclared identifier
C:\Users\tiago\Desktop\Classes\3Y_1S\Advanced Programming Topics\SoulEngine\Soul_Engine\Soul\src\GameObject.h(64,6): message : This diagnostic occurred in the compiler generated function 'T &Soul::GameObject::GetComponent(void) const'
C:\Users\tiago\Desktop\Classes\3Y_1S\Advanced Programming Topics\SoulEngine\Soul_Engine\Soul\src\GameObject.h(66,28): error C2065: 'GetComponentTypeID': undeclared identifier
C:\Users\tiago\Desktop\Classes\3Y_1S\Advanced Programming Topics\SoulEngine\Soul_Engine\Soul\src\GameObject.h(64,6): message : This diagnostic occurred in the compiler generated function 'T &Soul::GameObject::GetComponent(void) const'
C:\Users\tiago\Desktop\Classes\3Y_1S\Advanced Programming Topics\SoulEngine\Soul_Engine\Soul\src\GameObject.h(66,50): error C2760: syntax error: ')' was unexpected here; expected 'expression'
C:\Users\tiago\Desktop\Classes\3Y_1S\Advanced Programming Topics\SoulEngine\Soul_Engine\Soul\src\GameObject.h(64,6): message : This diagnostic occurred in the compiler generated function 'T &Soul::GameObject::GetComponent(void) const'
C:\Users\tiago\Desktop\Classes\3Y_1S\Advanced Programming Topics\SoulEngine\Soul_Engine\Soul\src\GameObject.h(66,51): error C3878: syntax error: unexpected token ']' following 'simple_declaration'
C:\Users\tiago\Desktop\Classes\3Y_1S\Advanced Programming Topics\SoulEngine\Soul_Engine\Soul\src\GameObject.h(64,6): message : This diagnostic occurred in the compiler generated function 'T &Soul::GameObject::GetComponent(void) const'
C:\Users\tiago\Desktop\Classes\3Y_1S\Advanced Programming Topics\SoulEngine\Soul_Engine\Soul\src\GameObject.h(66,51): message : error recovery skipped: '] )'
C:\Users\tiago\Desktop\Classes\3Y_1S\Advanced Programming Topics\SoulEngine\Soul_Engine\Soul\src\GameObject.h(64,6): message : This diagnostic occurred in the compiler generated function 'T &Soul::GameObject::GetComponent(void) const'
  spch.cpp
C:\Users\tiago\Desktop\Classes\3Y_1S\Advanced Programming Topics\SoulEngine\Soul_Engine\Soul\src\GameObject.h(75,31): error C2065: 'Component': undeclared identifier
C:\Users\tiago\Desktop\Classes\3Y_1S\Advanced Programming Topics\SoulEngine\Soul_Engine\Soul\src\GameObject.h(75,20): error C2923: 'std::unique_ptr': 'Component' is not a valid template type argument for parameter '_Ty'
C:\Users\tiago\Desktop\Classes\3Y_1S\Advanced Programming Topics\SoulEngine\Soul_Engine\Soul\src\GameObject.h(75,31): message : see declaration of 'Component'
C:\Users\tiago\Desktop\Classes\3Y_1S\Advanced Programming Topics\SoulEngine\Soul_Engine\Soul\src\GameObject.h(75,20): error C2976: 'std::unique_ptr': too few template arguments
C:\Program Files\Microsoft Visual Studio\2022\Community\VC\Tools\MSVC\14.37.32822\include\memory(3213,1): message : see declaration of 'std::unique_ptr'
C:\Users\tiago\Desktop\Classes\3Y_1S\Advanced Programming Topics\SoulEngine\Soul_Engine\Soul\src\GameObject.h(75,20): error C3203: 'unique_ptr': unspecialized class template can't be used as a template argument for template parameter '_Ty', expected a real type
C:\Users\tiago\Desktop\Classes\3Y_1S\Advanced Programming Topics\SoulEngine\Soul_Engine\Soul\src\GameObject.h(77,18): error C3646: 'componentArray': unknown override specifier
C:\Users\tiago\Desktop\Classes\3Y_1S\Advanced Programming Topics\SoulEngine\Soul_Engine\Soul\src\GameObject.h(77,32): error C4430: missing type specifier - int assumed. Note: C++ does not support default-int
C:\Users\tiago\Desktop\Classes\3Y_1S\Advanced Programming Topics\SoulEngine\Soul_Engine\Soul\src\GameObject.h(78,19): error C3646: 'componentBitset': unknown override specifier
C:\Users\tiago\Desktop\Classes\3Y_1S\Advanced Programming Topics\SoulEngine\Soul_Engine\Soul\src\GameObject.h(78,34): error C4430: missing type specifier - int assumed. Note: C++ does not support default-int
C:\Users\tiago\Desktop\Classes\3Y_1S\Advanced Programming Topics\SoulEngine\Soul_Engine\Soul\src\GameObject.h(45,11): error C2065: 'componentBitset': undeclared identifier
C:\Users\tiago\Desktop\Classes\3Y_1S\Advanced Programming Topics\SoulEngine\Soul_Engine\Soul\src\GameObject.h(43,8): message : This diagnostic occurred in the compiler generated function 'bool Soul::GameObject::HasComponent(void) const'
C:\Users\tiago\Desktop\Classes\3Y_1S\Advanced Programming Topics\SoulEngine\Soul_Engine\Soul\src\GameObject.h(45,27): error C2065: 'GetComponentTypeID': undeclared identifier
C:\Users\tiago\Desktop\Classes\3Y_1S\Advanced Programming Topics\SoulEngine\Soul_Engine\Soul\src\GameObject.h(43,8): message : This diagnostic occurred in the compiler generated function 'bool Soul::GameObject::HasComponent(void) const'
C:\Users\tiago\Desktop\Classes\3Y_1S\Advanced Programming Topics\SoulEngine\Soul_Engine\Soul\src\GameObject.h(45,49): error C2760: syntax error: ')' was unexpected here; expected 'expression'
C:\Users\tiago\Desktop\Classes\3Y_1S\Advanced Programming Topics\SoulEngine\Soul_Engine\Soul\src\GameObject.h(43,8): message : This diagnostic occurred in the compiler generated function 'bool Soul::GameObject::HasComponent(void) const'
C:\Users\tiago\Desktop\Classes\3Y_1S\Advanced Programming Topics\SoulEngine\Soul_Engine\Soul\src\GameObject.h(45,50): error C2760: syntax error: ']' was unexpected here; expected ';'
C:\Users\tiago\Desktop\Classes\3Y_1S\Advanced Programming Topics\SoulEngine\Soul_Engine\Soul\src\GameObject.h(43,8): message : This diagnostic occurred in the compiler generated function 'bool Soul::GameObject::HasComponent(void) const'
C:\Users\tiago\Desktop\Classes\3Y_1S\Advanced Programming Topics\SoulEngine\Soul_Engine\Soul\src\GameObject.h(45,50): error C3878: syntax error: unexpected token ']' following 'jump_statement'
C:\Users\tiago\Desktop\Classes\3Y_1S\Advanced Programming Topics\SoulEngine\Soul_Engine\Soul\src\GameObject.h(43,8): message : This diagnostic occurred in the compiler generated function 'bool Soul::GameObject::HasComponent(void) const'
C:\Users\tiago\Desktop\Classes\3Y_1S\Advanced Programming Topics\SoulEngine\Soul_Engine\Soul\src\GameObject.h(45,50): message : error recovery skipped: ']'
C:\Users\tiago\Desktop\Classes\3Y_1S\Advanced Programming Topics\SoulEngine\Soul_Engine\Soul\src\GameObject.h(43,8): message : This diagnostic occurred in the compiler generated function 'bool Soul::GameObject::HasComponent(void) const'
C:\Users\tiago\Desktop\Classes\3Y_1S\Advanced Programming Topics\SoulEngine\Soul_Engine\Soul\src\GameObject.h(53,20): error C2065: 'Component': undeclared identifier
C:\Users\tiago\Desktop\Classes\3Y_1S\Advanced Programming Topics\SoulEngine\Soul_Engine\Soul\src\GameObject.h(49,6): message : This diagnostic occurred in the compiler generated function 'T &Soul::GameObject::AddComponent(TArgs &&...)'
C:\Users\tiago\Desktop\Classes\3Y_1S\Advanced Programming Topics\SoulEngine\Soul_Engine\Soul\src\GameObject.h(56,4): error C2065: 'componentArray': undeclared identifier
C:\Users\tiago\Desktop\Classes\3Y_1S\Advanced Programming Topics\SoulEngine\Soul_Engine\Soul\src\GameObject.h(49,6): message : This diagnostic occurred in the compiler generated function 'T &Soul::GameObject::AddComponent(TArgs &&...)'
C:\Users\tiago\Desktop\Classes\3Y_1S\Advanced Programming Topics\SoulEngine\Soul_Engine\Soul\src\GameObject.h(56,19): error C2065: 'GetComponentTypeID': undeclared identifier
C:\Users\tiago\Desktop\Classes\3Y_1S\Advanced Programming Topics\SoulEngine\Soul_Engine\Soul\src\GameObject.h(49,6): message : This diagnostic occurred in the compiler generated function 'T &Soul::GameObject::AddComponent(TArgs &&...)'
C:\Users\tiago\Desktop\Classes\3Y_1S\Advanced Programming Topics\SoulEngine\Soul_Engine\Soul\src\GameObject.h(56,41): error C2760: syntax error: ')' was unexpected here; expected 'expression'
C:\Users\tiago\Desktop\Classes\3Y_1S\Advanced Programming Topics\SoulEngine\Soul_Engine\Soul\src\GameObject.h(49,6): message : This diagnostic occurred in the compiler generated function 'T &Soul::GameObject::AddComponent(TArgs &&...)'
C:\Users\tiago\Desktop\Classes\3Y_1S\Advanced Programming Topics\SoulEngine\Soul_Engine\Soul\src\GameObject.h(56,42): error C2760: syntax error: ']' was unexpected here; expected ';'
C:\Users\tiago\Desktop\Classes\3Y_1S\Advanced Programming Topics\SoulEngine\Soul_Engine\Soul\src\GameObject.h(49,6): message : This diagnostic occurred in the compiler generated function 'T &Soul::GameObject::AddComponent(TArgs &&...)'
C:\Users\tiago\Desktop\Classes\3Y_1S\Advanced Programming Topics\SoulEngine\Soul_Engine\Soul\src\GameObject.h(56,42): error C3878: syntax error: unexpected token ']' following 'expression_statement'
C:\Users\tiago\Desktop\Classes\3Y_1S\Advanced Programming Topics\SoulEngine\Soul_Engine\Soul\src\GameObject.h(49,6): message : This diagnostic occurred in the compiler generated function 'T &Soul::GameObject::AddComponent(TArgs &&...)'
C:\Users\tiago\Desktop\Classes\3Y_1S\Advanced Programming Topics\SoulEngine\Soul_Engine\Soul\src\GameObject.h(56,42): message : error recovery skipped: '] ='
C:\Users\tiago\Desktop\Classes\3Y_1S\Advanced Programming Topics\SoulEngine\Soul_Engine\Soul\src\GameObject.h(49,6): message : This diagnostic occurred in the compiler generated function 'T &Soul::GameObject::AddComponent(TArgs &&...)'
C:\Users\tiago\Desktop\Classes\3Y_1S\Advanced Programming Topics\SoulEngine\Soul_Engine\Soul\src\GameObject.h(57,4): error C2065: 'componentBitset': undeclared identifier
C:\Users\tiago\Desktop\Classes\3Y_1S\Advanced Programming Topics\SoulEngine\Soul_Engine\Soul\src\GameObject.h(49,6): message : This diagnostic occurred in the compiler generated function 'T &Soul::GameObject::AddComponent(TArgs &&...)'
C:\Users\tiago\Desktop\Classes\3Y_1S\Advanced Programming Topics\SoulEngine\Soul_Engine\Soul\src\GameObject.h(57,20): error C2065: 'GetComponentTypeID': undeclared identifier
C:\Users\tiago\Desktop\Classes\3Y_1S\Advanced Programming Topics\SoulEngine\Soul_Engine\Soul\src\GameObject.h(49,6): message : This diagnostic occurred in the compiler generated function 'T &Soul::GameObject::AddComponent(TArgs &&...)'
C:\Users\tiago\Desktop\Classes\3Y_1S\Advanced Programming Topics\SoulEngine\Soul_Engine\Soul\src\GameObject.h(57,42): error C2760: syntax error: ')' was unexpected here; expected 'expression'
C:\Users\tiago\Desktop\Classes\3Y_1S\Advanced Programming Topics\SoulEngine\Soul_Engine\Soul\src\GameObject.h(49,6): message : This diagnostic occurred in the compiler generated function 'T &Soul::GameObject::AddComponent(TArgs &&...)'
C:\Users\tiago\Desktop\Classes\3Y_1S\Advanced Programming Topics\SoulEngine\Soul_Engine\Soul\src\GameObject.h(57,43): error C2760: syntax error: ']' was unexpected here; expected ';'
C:\Users\tiago\Desktop\Classes\3Y_1S\Advanced Programming Topics\SoulEngine\Soul_Engine\Soul\src\GameObject.h(49,6): message : This diagnostic occurred in the compiler generated function 'T &Soul::GameObject::AddComponent(TArgs &&...)'
C:\Users\tiago\Desktop\Classes\3Y_1S\Advanced Programming Topics\SoulEngine\Soul_Engine\Soul\src\GameObject.h(57,43): error C3878: syntax error: unexpected token ']' following 'expression_statement'
C:\Users\tiago\Desktop\Classes\3Y_1S\Advanced Programming Topics\SoulEngine\Soul_Engine\Soul\src\GameObject.h(49,6): message : This diagnostic occurred in the compiler generated function 'T &Soul::GameObject::AddComponent(TArgs &&...)'
C:\Users\tiago\Desktop\Classes\3Y_1S\Advanced Programming Topics\SoulEngine\Soul_Engine\Soul\src\GameObject.h(57,43): message : error recovery skipped: '] ='
C:\Users\tiago\Desktop\Classes\3Y_1S\Advanced Programming Topics\SoulEngine\Soul_Engine\Soul\src\GameObject.h(49,6): message : This diagnostic occurred in the compiler generated function 'T &Soul::GameObject::AddComponent(TArgs &&...)'
C:\Users\tiago\Desktop\Classes\3Y_1S\Advanced Programming Topics\SoulEngine\Soul_Engine\Soul\src\GameObject.h(66,13): error C2065: 'componentArray': undeclared identifier
C:\Users\tiago\Desktop\Classes\3Y_1S\Advanced Programming Topics\SoulEngine\Soul_Engine\Soul\src\GameObject.h(64,6): message : This diagnostic occurred in the compiler generated function 'T &Soul::GameObject::GetComponent(void) const'
C:\Users\tiago\Desktop\Classes\3Y_1S\Advanced Programming Topics\SoulEngine\Soul_Engine\Soul\src\GameObject.h(66,28): error C2065: 'GetComponentTypeID': undeclared identifier
C:\Users\tiago\Desktop\Classes\3Y_1S\Advanced Programming Topics\SoulEngine\Soul_Engine\Soul\src\GameObject.h(64,6): message : This diagnostic occurred in the compiler generated function 'T &Soul::GameObject::GetComponent(void) const'
C:\Users\tiago\Desktop\Classes\3Y_1S\Advanced Programming Topics\SoulEngine\Soul_Engine\Soul\src\GameObject.h(66,50): error C2760: syntax error: ')' was unexpected here; expected 'expression'
C:\Users\tiago\Desktop\Classes\3Y_1S\Advanced Programming Topics\SoulEngine\Soul_Engine\Soul\src\GameObject.h(64,6): message : This diagnostic occurred in the compiler generated function 'T &Soul::GameObject::GetComponent(void) const'
C:\Users\tiago\Desktop\Classes\3Y_1S\Advanced Programming Topics\SoulEngine\Soul_Engine\Soul\src\GameObject.h(66,51): error C3878: syntax error: unexpected token ']' following 'simple_declaration'
C:\Users\tiago\Desktop\Classes\3Y_1S\Advanced Programming Topics\SoulEngine\Soul_Engine\Soul\src\GameObject.h(64,6): message : This diagnostic occurred in the compiler generated function 'T &Soul::GameObject::GetComponent(void) const'
C:\Users\tiago\Desktop\Classes\3Y_1S\Advanced Programming Topics\SoulEngine\Soul_Engine\Soul\src\GameObject.h(66,51): message : error recovery skipped: '] )'
C:\Users\tiago\Desktop\Classes\3Y_1S\Advanced Programming Topics\SoulEngine\Soul_Engine\Soul\src\GameObject.h(64,6): message : This diagnostic occurred in the compiler generated function 'T &Soul::GameObject::GetComponent(void) const'
  Generating Code...
